2026-05-14 09:34:04 | INFO | ES client created for index: routes
2026-05-14 09:34:04 | INFO | ES client created for index: stations
2026-05-14 09:35:33 | INFO | booking_updated_status_outbox_worker started
2026-05-14 09:35:40 | INFO | booking_updated_status_send_email_consumer started
2026-05-14 09:42:18 | INFO | ES client created for index: routes
2026-05-14 09:42:18 | INFO | ES client created for index: stations
2026-05-14 09:42:47 | INFO | booking_updated_status_send_email_consumer started
2026-05-14 09:47:40 | INFO | booking_updated_status_outbox_worker started
2026-05-14 09:47:46 | INFO | booking_updated_status_send_email_consumer started
2026-05-14 09:53:43 | INFO | booking_updated_status_outbox_worker started
2026-05-14 09:53:47 | INFO | booking_updated_status_send_email_consumer started
2026-05-14 09:55:43 | INFO | ES client created for index: routes
2026-05-14 09:55:43 | INFO | ES client created for index: stations
2026-05-14 09:56:17 | INFO | booking_updated_status_send_email_consumer started
2026-05-14 10:04:31 | INFO | ES client created for index: routes
2026-05-14 10:04:31 | INFO | ES client created for index: stations
2026-05-14 10:04:33 | INFO | ES client created for index: routes
2026-05-14 10:04:33 | INFO | ES client created for index: stations
2026-05-14 10:04:37 | INFO | ES client created for index: routes
2026-05-14 10:04:37 | INFO | ES client created for index: stations
2026-05-14 10:04:41 | INFO | ES client created for index: routes
2026-05-14 10:04:41 | INFO | ES client created for index: stations
2026-05-14 10:04:55 | INFO | booking_updated_status_send_email_consumer started
2026-05-14 10:07:11 | INFO | ES client created for index: routes
2026-05-14 10:07:11 | INFO | ES client created for index: stations
2026-05-14 10:07:22 | INFO | ES client created for index: routes
2026-05-14 10:07:22 | INFO | ES client created for index: stations
2026-05-14 10:07:32 | INFO | ES client created for index: routes
2026-05-14 10:07:32 | INFO | ES client created for index: stations
2026-05-14 10:07:34 | INFO | ES client created for index: routes
2026-05-14 10:07:34 | INFO | ES client created for index: stations
2026-05-14 10:07:43 | INFO | booking_updated_status_send_email_consumer started
2026-05-14 10:13:08 | INFO | ES client created for index: routes
2026-05-14 10:13:08 | INFO | ES client created for index: stations
2026-05-14 10:13:20 | INFO | booking_updated_status_send_email_consumer started
2026-05-14 10:13:47 | INFO | ES client created for index: routes
2026-05-14 10:13:47 | INFO | ES client created for index: stations
2026-05-14 10:13:52 | INFO | ES client created for index: routes
2026-05-14 10:13:52 | INFO | ES client created for index: stations
2026-05-14 10:14:03 | INFO | booking_updated_status_send_email_consumer started
2026-05-14 10:14:53 | INFO | ES client created for index: routes
2026-05-14 10:14:53 | INFO | ES client created for index: stations
2026-05-14 10:14:58 | INFO | ES client created for index: routes
2026-05-14 10:14:58 | INFO | ES client created for index: stations
2026-05-14 10:15:07 | INFO | booking_updated_status_send_email_consumer started
2026-05-14 10:15:51 | INFO | ES client created for index: routes
2026-05-14 10:15:51 | INFO | ES client created for index: stations
2026-05-14 10:17:08 | INFO | ES client created for index: routes
2026-05-14 10:17:08 | INFO | ES client created for index: stations
2026-05-14 10:17:11 | INFO | ES client created for index: routes
2026-05-14 10:17:11 | INFO | ES client created for index: stations
2026-05-14 10:17:37 | INFO | ES client created for index: routes
2026-05-14 10:17:37 | INFO | ES client created for index: stations
2026-05-14 10:17:44 | INFO | ES client created for index: routes
2026-05-14 10:17:44 | INFO | ES client created for index: stations
2026-05-14 10:18:06 | INFO | booking_updated_status_send_email_consumer started
2026-05-14 10:19:04 | INFO | ES client created for index: routes
2026-05-14 10:19:04 | INFO | ES client created for index: stations
2026-05-14 10:19:20 | INFO | ES client created for index: routes
2026-05-14 10:19:20 | INFO | ES client created for index: stations
2026-05-14 10:19:28 | INFO | ES client created for index: routes
2026-05-14 10:19:28 | INFO | ES client created for index: stations
2026-05-14 10:19:39 | INFO | booking_updated_status_send_email_consumer started
2026-05-14 10:21:08 | INFO | ES client created for index: routes
2026-05-14 10:21:08 | INFO | ES client created for index: stations
2026-05-14 10:21:14 | INFO | ES client created for index: routes
2026-05-14 10:21:14 | INFO | ES client created for index: stations
2026-05-14 10:21:18 | INFO | ES client created for index: routes
2026-05-14 10:21:18 | INFO | ES client created for index: stations
2026-05-14 10:21:27 | INFO | ES client created for index: routes
2026-05-14 10:21:27 | INFO | ES client created for index: stations
2026-05-14 10:21:48 | INFO | ES client created for index: routes
2026-05-14 10:21:48 | INFO | ES client created for index: stations
2026-05-14 10:22:07 | INFO | booking_updated_status_send_email_consumer started
2026-05-14 10:23:19 | INFO | ES client created for index: routes
2026-05-14 10:23:19 | INFO | ES client created for index: stations
2026-05-14 10:23:22 | INFO | ES client created for index: routes
2026-05-14 10:23:22 | INFO | ES client created for index: stations
2026-05-14 10:23:30 | INFO | ES client created for index: routes
2026-05-14 10:23:30 | INFO | ES client created for index: stations
2026-05-14 10:23:38 | INFO | ES client created for index: routes
2026-05-14 10:23:38 | INFO | ES client created for index: stations
2026-05-14 10:24:43 | INFO | ES client created for index: routes
2026-05-14 10:24:43 | INFO | ES client created for index: stations
2026-05-14 10:25:05 | INFO | ES client created for index: routes
2026-05-14 10:25:05 | INFO | ES client created for index: stations
2026-05-14 10:25:28 | INFO | ES client created for index: routes
2026-05-14 10:25:28 | INFO | ES client created for index: stations
2026-05-14 10:25:49 | INFO | ES client created for index: routes
2026-05-14 10:25:49 | INFO | ES client created for index: stations
2026-05-14 10:25:57 | INFO | ES client created for index: routes
2026-05-14 10:25:57 | INFO | ES client created for index: stations
2026-05-14 10:26:39 | INFO | ES client created for index: routes
2026-05-14 10:26:39 | INFO | ES client created for index: stations
2026-05-14 10:26:45 | INFO | ES client created for index: routes
2026-05-14 10:26:45 | INFO | ES client created for index: stations
2026-05-14 10:26:54 | INFO | ES client created for index: routes
2026-05-14 10:26:54 | INFO | ES client created for index: stations
2026-05-14 10:27:02 | INFO | ES client created for index: routes
2026-05-14 10:27:02 | INFO | ES client created for index: stations
2026-05-14 10:28:00 | INFO | ES client created for index: routes
2026-05-14 10:28:00 | INFO | ES client created for index: stations
2026-05-14 10:28:10 | INFO | ES client created for index: routes
2026-05-14 10:28:10 | INFO | ES client created for index: stations
2026-05-14 10:28:20 | INFO | ES client created for index: routes
2026-05-14 10:28:20 | INFO | ES client created for index: stations
2026-05-14 10:28:27 | INFO | ES client created for index: routes
2026-05-14 10:28:27 | INFO | ES client created for index: stations
2026-05-14 10:28:30 | INFO | ES client created for index: routes
2026-05-14 10:28:30 | INFO | ES client created for index: stations
2026-05-14 10:28:35 | INFO | booking_updated_status_outbox_worker started
2026-05-14 10:28:49 | INFO | booking_updated_status_send_email_consumer started
2026-05-14 10:29:58 | INFO | ES client created for index: routes
2026-05-14 10:29:58 | INFO | ES client created for index: stations
2026-05-14 10:38:24 | INFO | ES client created for index: routes
2026-05-14 10:38:24 | INFO | ES client created for index: stations
2026-05-14 10:38:45 | INFO | ES client created for index: routes
2026-05-14 10:38:45 | INFO | ES client created for index: stations
2026-05-14 10:38:51 | INFO | ES client created for index: routes
2026-05-14 10:38:51 | INFO | ES client created for index: stations
2026-05-14 10:39:18 | INFO | ES client created for index: routes
2026-05-14 10:39:18 | INFO | ES client created for index: stations
2026-05-14 10:39:23 | INFO | ES client created for index: routes
2026-05-14 10:39:23 | INFO | ES client created for index: stations
2026-05-14 10:41:03 | INFO | ES client created for index: routes
2026-05-14 10:41:03 | INFO | ES client created for index: stations
2026-05-14 10:42:52 | INFO | ES client created for index: routes
2026-05-14 10:42:52 | INFO | ES client created for index: stations
2026-05-14 10:42:58 | INFO | ES client created for index: routes
2026-05-14 10:42:58 | INFO | ES client created for index: stations
2026-05-14 10:44:52 | INFO | ES client created for index: routes
2026-05-14 10:44:52 | INFO | ES client created for index: stations
2026-05-14 10:45:00 | INFO | ES client created for index: routes
2026-05-14 10:45:00 | INFO | ES client created for index: stations
2026-05-14 10:45:05 | INFO | ES client created for index: routes
2026-05-14 10:45:05 | INFO | ES client created for index: stations
2026-05-14 10:46:18 | INFO | ES client created for index: routes
2026-05-14 10:46:18 | INFO | ES client created for index: stations
2026-05-14 10:46:22 | INFO | ES client created for index: routes
2026-05-14 10:46:22 | INFO | ES client created for index: stations
2026-05-14 10:47:05 | INFO | ES client created for index: routes
2026-05-14 10:47:05 | INFO | ES client created for index: stations
2026-05-14 10:47:09 | INFO | ES client created for index: routes
2026-05-14 10:47:09 | INFO | ES client created for index: stations
2026-05-14 10:47:47 | INFO | ES client created for index: routes
2026-05-14 10:47:47 | INFO | ES client created for index: stations
2026-05-14 10:48:07 | INFO | ES client created for index: routes
2026-05-14 10:48:07 | INFO | ES client created for index: stations
2026-05-14 10:48:28 | INFO | ES client created for index: routes
2026-05-14 10:48:28 | INFO | ES client created for index: stations
2026-05-14 10:48:40 | INFO | ES client created for index: routes
2026-05-14 10:48:40 | INFO | ES client created for index: stations
2026-05-14 10:48:48 | INFO | ES client created for index: routes
2026-05-14 10:48:48 | INFO | ES client created for index: stations
2026-05-14 10:48:57 | INFO | ES client created for index: routes
2026-05-14 10:48:57 | INFO | ES client created for index: stations
2026-05-14 10:49:52 | INFO | ES client created for index: routes
2026-05-14 10:49:52 | INFO | ES client created for index: stations
2026-05-14 10:50:05 | INFO | ES client created for index: routes
2026-05-14 10:50:05 | INFO | ES client created for index: stations
2026-05-14 10:50:09 | INFO | ES client created for index: routes
2026-05-14 10:50:09 | INFO | ES client created for index: stations
2026-05-14 10:50:18 | INFO | ES client created for index: routes
2026-05-14 10:50:18 | INFO | ES client created for index: stations
2026-05-14 10:51:02 | INFO | ES client created for index: routes
2026-05-14 10:51:02 | INFO | ES client created for index: stations
2026-05-14 10:51:50 | INFO | ES client created for index: routes
2026-05-14 10:51:50 | INFO | ES client created for index: stations
2026-05-14 10:51:53 | INFO | ES client created for index: routes
2026-05-14 10:51:53 | INFO | ES client created for index: stations
2026-05-14 10:52:23 | INFO | ES client created for index: routes
2026-05-14 10:52:23 | INFO | ES client created for index: stations
2026-05-14 10:52:29 | INFO | ES client created for index: routes
2026-05-14 10:52:29 | INFO | ES client created for index: stations
2026-05-14 10:52:33 | INFO | ES client created for index: routes
2026-05-14 10:52:33 | INFO | ES client created for index: stations
2026-05-14 10:52:36 | INFO | ES client created for index: routes
2026-05-14 10:52:36 | INFO | ES client created for index: stations
2026-05-14 10:52:55 | INFO | ES client created for index: routes
2026-05-14 10:52:55 | INFO | ES client created for index: stations
2026-05-14 10:53:04 | INFO | ES client created for index: routes
2026-05-14 10:53:04 | INFO | ES client created for index: stations
2026-05-14 10:53:25 | INFO | ES client created for index: routes
2026-05-14 10:53:25 | INFO | ES client created for index: stations
2026-05-14 10:53:28 | INFO | ES client created for index: routes
2026-05-14 10:53:28 | INFO | ES client created for index: stations
2026-05-14 10:53:44 | INFO | ES client created for index: routes
2026-05-14 10:53:44 | INFO | ES client created for index: stations
2026-05-14 10:55:11 | INFO | ES client created for index: routes
2026-05-14 10:55:11 | INFO | ES client created for index: stations
2026-05-14 10:55:15 | INFO | ES client created for index: routes
2026-05-14 10:55:15 | INFO | ES client created for index: stations
2026-05-14 10:55:23 | INFO | ES client created for index: routes
2026-05-14 10:55:23 | INFO | ES client created for index: stations
2026-05-14 10:55:44 | INFO | ES client created for index: routes
2026-05-14 10:55:44 | INFO | ES client created for index: stations
2026-05-14 10:55:49 | INFO | ES client created for index: routes
2026-05-14 10:55:49 | INFO | ES client created for index: stations
2026-05-14 10:56:00 | INFO | ES client created for index: routes
2026-05-14 10:56:00 | INFO | ES client created for index: stations
2026-05-14 10:56:05 | INFO | ES client created for index: routes
2026-05-14 10:56:05 | INFO | ES client created for index: stations
2026-05-14 10:56:08 | INFO | ES client created for index: routes
2026-05-14 10:56:08 | INFO | ES client created for index: stations
2026-05-14 10:57:43 | INFO | emailchanged_otp_outbox_worker started
2026-05-14 10:57:53 | INFO | emailchanged_otp_consumer_worker started
2026-05-14 10:57:58 | INFO | SpawnProcess-137-20538 | user:login | 127.0.0.1 | POST | /api/v1/users/login | 2026-05-14 10:57:57.873575 | 2026-05-14 10:57:58.252058 | 378 | None | 200
2026-05-14 10:58:17 | INFO | SpawnProcess-137-20538 | user:emailchange:requestotp | 127.0.0.1 | POST | /api/v1/users/email/change/request-otp | 2026-05-14 10:58:17.240687 | 2026-05-14 10:58:17.350333 | 109 | None | 200
2026-05-14 11:00:05 | INFO | ES client created for index: routes
2026-05-14 11:00:05 | INFO | ES client created for index: stations
2026-05-14 11:00:30 | INFO | emailchanged_otp_consumer_worker started
2026-05-14 11:01:32 | INFO | ES client created for index: routes
2026-05-14 11:01:32 | INFO | ES client created for index: stations
2026-05-14 11:01:37 | INFO | ES client created for index: routes
2026-05-14 11:01:37 | INFO | ES client created for index: stations
2026-05-14 11:01:42 | INFO | ES client created for index: routes
2026-05-14 11:01:42 | INFO | ES client created for index: stations
